<?xml version="1.0" encoding="UTF-8"?>
<!-- Generated by org.testng.reporters.JUnitReportReporter -->
<testsuite hostname="Comp" name="ru.stqa.selenium.LoginTest" tests="1" failures="0" timestamp="12 Jul 2016 13:32:01 GMT" time="3.216" errors="0">
  <testcase name="testLogin" time="3.216" classname="ru.stqa.selenium.LoginTest"/>
</testsuite> <!-- ru.stqa.selenium.LoginTest -->
